<?xml version="1.0" encoding="UTF-8"?>
<!-- Generated by org.testng.reporters.JUnitXMLReporter -->
<testsuite ignored="0" hostname="DESKTOP-NPI5C9K" failures="0" tests="3" name="Default test" time="8.54" errors="0" timestamp="2022-01-06T22:42:25 IST">
  <testcase classname="TestNg_Practice.Facebook_Test" name="enterEmail" time="0.239"/>
  <testcase classname="TestNg_Practice.Facebook_Test" name="enterPwd" time="0.248"/>
  <testcase classname="TestNg_Practice.Facebook_Test" name="login" time="1.632"/>
</testsuite> <!-- Default test -->
