<?xml version="1.0" encoding="UTF-8"?>
<testng-results ignored="0" total="3" passed="3" failed="0" skipped="0">
  <reporter-output>
  </reporter-output>
  <suite started-at="2022-01-06T22:42:17 IST" name="Default suite" finished-at="2022-01-06T22:42:25 IST" duration-ms="8540">
    <groups>
    </groups>
    <test started-at="2022-01-06T22:42:17 IST" name="Default test" finished-at="2022-01-06T22:42:25 IST" duration-ms="8540">
      <class name="TestNg_Practice.Facebook_Test">
        <test-method is-config="true" signature="launchBrowser()[pri:0, instance:TestNg_Practice.Facebook_Test@41a0aa7d]" started-at="2022-01-06T22:42:17 IST" name="launchBrowser" finished-at="2022-01-06T22:42:23 IST" duration-ms="6037" status="PASS">
          <reporter-output>
          </reporter-output>
        </test-method> <!-- launchBrowser -->
        <test-method signature="enterEmail()[pri:0, instance:TestNg_Practice.Facebook_Test@41a0aa7d]" started-at="2022-01-06T22:42:23 IST" name="enterEmail" finished-at="2022-01-06T22:42:23 IST" duration-ms="239" status="PASS">
          <reporter-output>
          </reporter-output>
        </test-method> <!-- enterEmail -->
        <test-method signature="enterPwd()[pri:0, instance:TestNg_Practice.Facebook_Test@41a0aa7d]" started-at="2022-01-06T22:42:23 IST" name="enterPwd" finished-at="2022-01-06T22:42:23 IST" duration-ms="248" status="PASS">
          <reporter-output>
          </reporter-output>
        </test-method> <!-- enterPwd -->
        <test-method signature="login()[pri:0, instance:TestNg_Practice.Facebook_Test@41a0aa7d]" started-at="2022-01-06T22:42:23 IST" name="login" finished-at="2022-01-06T22:42:25 IST" duration-ms="1632" status="PASS">
          <reporter-output>
          </reporter-output>
        </test-method> <!-- login -->
        <test-method is-config="true" signature="quitBrowser()[pri:0, instance:TestNg_Practice.Facebook_Test@41a0aa7d]" started-at="2022-01-06T22:42:25 IST" name="quitBrowser" finished-at="2022-01-06T22:42:25 IST" duration-ms="348" status="PASS">
          <reporter-output>
          </reporter-output>
        </test-method> <!-- quitBrowser -->
      </class> <!-- TestNg_Practice.Facebook_Test -->
    </test> <!-- Default test -->
  </suite> <!-- Default suite -->
</testng-results>
